<?xml version="1.0" encoding="UTF-8"?>
<!-- Generated by org.testng.reporters.JUnitXMLReporter -->
<testsuite ignored="0" hostname="LAPTOP-2QICDJTA" failures="0" tests="4" name="Default test" time="11.18" errors="0" timestamp="2023-06-04T11:12:25 AEST">
  <testcase classname="testCases.ShopLoginTest" name="loginTest" time="2.057"/>
  <testcase classname="testCases.ShopLoginTest" name="loginTest" time="0.475"/>
  <testcase classname="testCases.ShopLoginTest" name="loginTest" time="0.443"/>
  <testcase classname="testCases.ShopLoginTest" name="loginTest" time="0.405"/>
</testsuite> <!-- Default test -->
