<?xml version="1.0" encoding="UTF-8"?>
<testng-results ignored="0" total="1" passed="1" failed="0" skipped="0">
  <reporter-output>
  </reporter-output>
  <suite started-at="2023-05-29T14:30:51 AEST" name="Default suite" finished-at="2023-05-29T14:30:57 AEST" duration-ms="6846">
    <groups>
    </groups>
    <test started-at="2023-05-29T14:30:51 AEST" name="Default test" finished-at="2023-05-29T14:30:57 AEST" duration-ms="6846">
      <class name="uk.co.automationtesting.TestCases.ShopLoginTest">
        <test-method is-config="true" signature="setup()[pri:0, instance:uk.co.automationtesting.TestCases.ShopLoginTest@236ab296]" started-at="2023-05-29T14:30:51 AEST" name="setup" finished-at="2023-05-29T14:30:56 AEST" duration-ms="5297" status="PASS">
          <reporter-output>
          </reporter-output>
        </test-method> <!-- setup -->
        <test-method signature="loginTest()[pri:0, instance:uk.co.automationtesting.TestCases.ShopLoginTest@236ab296]" started-at="2023-05-29T14:30:56 AEST" name="loginTest" finished-at="2023-05-29T14:30:57 AEST" duration-ms="1506" status="PASS">
          <reporter-output>
          </reporter-output>
        </test-method> <!-- loginTest -->
        <test-method is-config="true" signature="tearDown()[pri:0, instance:uk.co.automationtesting.TestCases.ShopLoginTest@236ab296]" started-at="2023-05-29T14:30:57 AEST" name="tearDown" finished-at="2023-05-29T14:30:57 AEST" duration-ms="0" status="PASS">
          <reporter-output>
          </reporter-output>
        </test-method> <!-- tearDown -->
      </class> <!-- uk.co.automationtesting.TestCases.ShopLoginTest -->
    </test> <!-- Default test -->
  </suite> <!-- Default suite -->
</testng-results>
